<?xml version="1.0" encoding="UTF-8"?>
<testng-results skipped="0" failed="0" ignored="1" total="4" passed="3">
  <reporter-output>
  </reporter-output>
  <suite name="All Test Suite" duration-ms="766" started-at="2022-11-14T06:31:51Z" finished-at="2022-11-14T06:31:52Z">
    <groups>
    </groups>
    <test name="test" duration-ms="637" started-at="2022-11-14T06:31:51Z" finished-at="2022-11-14T06:31:51Z">
      <class name="com.kaiming.learn.citest.TestAnnotation">
        <test-method status="PASS" signature="beforeClassTest()[pri:0, instance:com.kaiming.learn.citest.TestAnnotation@1601e47]" name="beforeClassTest" is-config="true" duration-ms="0" started-at="2022-11-14T06:31:51Z" finished-at="2022-11-14T06:31:51Z">
          <reporter-output>
          </reporter-output>
        </test-method> <!-- beforeClassTest -->
        <test-method status="PASS" signature="beforeMethodTest()[pri:0, instance:com.kaiming.learn.citest.TestAnnotation@1601e47]" name="beforeMethodTest" is-config="true" duration-ms="2" started-at="2022-11-14T06:31:51Z" finished-at="2022-11-14T06:31:51Z">
          <reporter-output>
          </reporter-output>
        </test-method> <!-- beforeMethodTest -->
        <test-method status="PASS" signature="test()[pri:0, instance:com.kaiming.learn.citest.TestAnnotation@1601e47]" name="test" duration-ms="122" started-at="2022-11-14T06:31:51Z" finished-at="2022-11-14T06:31:51Z">
          <reporter-output>
          </reporter-output>
        </test-method> <!-- test -->
        <test-method status="PASS" signature="afterMethodTest()[pri:0, instance:com.kaiming.learn.citest.TestAnnotation@1601e47]" name="afterMethodTest" is-config="true" duration-ms="2" started-at="2022-11-14T06:31:51Z" finished-at="2022-11-14T06:31:51Z">
          <reporter-output>
          </reporter-output>
        </test-method> <!-- afterMethodTest -->
        <test-method status="PASS" signature="beforeMethodTest()[pri:0, instance:com.kaiming.learn.citest.TestAnnotation@1601e47]" name="beforeMethodTest" is-config="true" duration-ms="1" started-at="2022-11-14T06:31:51Z" finished-at="2022-11-14T06:31:51Z">
          <reporter-output>
          </reporter-output>
        </test-method> <!-- beforeMethodTest -->
        <test-method status="PASS" signature="test2()[pri:0, instance:com.kaiming.learn.citest.TestAnnotation@1601e47]" name="test2" duration-ms="9" started-at="2022-11-14T06:31:51Z" finished-at="2022-11-14T06:31:51Z">
          <reporter-output>
          </reporter-output>
        </test-method> <!-- test2 -->
        <test-method status="PASS" signature="afterMethodTest()[pri:0, instance:com.kaiming.learn.citest.TestAnnotation@1601e47]" name="afterMethodTest" is-config="true" duration-ms="3" started-at="2022-11-14T06:31:51Z" finished-at="2022-11-14T06:31:51Z">
          <reporter-output>
          </reporter-output>
        </test-method> <!-- afterMethodTest -->
        <test-method status="PASS" signature="afterClassTest()[pri:0, instance:com.kaiming.learn.citest.TestAnnotation@1601e47]" name="afterClassTest" is-config="true" duration-ms="3" started-at="2022-11-14T06:31:51Z" finished-at="2022-11-14T06:31:51Z">
          <reporter-output>
          </reporter-output>
        </test-method> <!-- afterClassTest -->
      </class> <!-- com.kaiming.learn.citest.TestAnnotation -->
    </test> <!-- test -->
    <test name="test2" duration-ms="71" started-at="2022-11-14T06:31:52Z" finished-at="2022-11-14T06:31:52Z">
      <class name="com.kaiming.learn.citest.TestAnnotation">
        <test-method status="PASS" signature="beforeSuiteTest()[pri:0, instance:com.kaiming.learn.citest.TestAnnotation@1601e47]" name="beforeSuiteTest" is-config="true" duration-ms="65" started-at="2022-11-14T06:31:51Z" finished-at="2022-11-14T06:31:51Z">
          <reporter-output>
          </reporter-output>
        </test-method> <!-- beforeSuiteTest -->
        <test-method status="PASS" signature="beforeSuiteTestb()[pri:0, instance:com.kaiming.learn.citest.TestAnnotationB@59aa20b3]" name="beforeSuiteTestb" is-config="true" duration-ms="1" started-at="2022-11-14T06:31:51Z" finished-at="2022-11-14T06:31:51Z">
          <reporter-output>
          </reporter-output>
        </test-method> <!-- beforeSuiteTestb -->
        <test-method status="PASS" signature="afterSuiteTest()[pri:0, instance:com.kaiming.learn.citest.TestAnnotation@1601e47]" name="afterSuiteTest" is-config="true" duration-ms="1" started-at="2022-11-14T06:31:52Z" finished-at="2022-11-14T06:31:52Z">
          <reporter-output>
          </reporter-output>
        </test-method> <!-- afterSuiteTest -->
        <test-method status="PASS" signature="afterSuiteTestb()[pri:0, instance:com.kaiming.learn.citest.TestAnnotationB@59aa20b3]" name="afterSuiteTestb" is-config="true" duration-ms="1" started-at="2022-11-14T06:31:52Z" finished-at="2022-11-14T06:31:52Z">
          <reporter-output>
          </reporter-output>
        </test-method> <!-- afterSuiteTestb -->
      </class> <!-- com.kaiming.learn.citest.TestAnnotation -->
      <class name="com.kaiming.learn.citest.TestAnnotationB">
        <test-method status="PASS" signature="beforeClassTestb()[pri:0, instance:com.kaiming.learn.citest.TestAnnotationB@59aa20b3]" name="beforeClassTestb" is-config="true" duration-ms="1" started-at="2022-11-14T06:31:52Z" finished-at="2022-11-14T06:31:52Z">
          <reporter-output>
          </reporter-output>
        </test-method> <!-- beforeClassTestb -->
        <test-method status="PASS" signature="beforeMethodTestb()[pri:0, instance:com.kaiming.learn.citest.TestAnnotationB@59aa20b3]" name="beforeMethodTestb" is-config="true" duration-ms="2" started-at="2022-11-14T06:31:52Z" finished-at="2022-11-14T06:31:52Z">
          <reporter-output>
          </reporter-output>
        </test-method> <!-- beforeMethodTestb -->
        <test-method status="PASS" signature="testb()[pri:0, instance:com.kaiming.learn.citest.TestAnnotationB@59aa20b3]" name="testb" duration-ms="6" started-at="2022-11-14T06:31:52Z" finished-at="2022-11-14T06:31:52Z">
          <reporter-output>
          </reporter-output>
        </test-method> <!-- testb -->
        <test-method status="PASS" signature="afterMethodTestb()[pri:0, instance:com.kaiming.learn.citest.TestAnnotationB@59aa20b3]" name="afterMethodTestb" is-config="true" duration-ms="0" started-at="2022-11-14T06:31:52Z" finished-at="2022-11-14T06:31:52Z">
          <reporter-output>
          </reporter-output>
        </test-method> <!-- afterMethodTestb -->
        <test-method status="PASS" signature="afterClassTestb()[pri:0, instance:com.kaiming.learn.citest.TestAnnotationB@59aa20b3]" name="afterClassTestb" is-config="true" duration-ms="0" started-at="2022-11-14T06:31:52Z" finished-at="2022-11-14T06:31:52Z">
          <reporter-output>
          </reporter-output>
        </test-method> <!-- afterClassTestb -->
      </class> <!-- com.kaiming.learn.citest.TestAnnotationB -->
    </test> <!-- test2 -->
  </suite> <!-- All Test Suite -->
</testng-results>
