<?xml version="1.0" encoding="UTF-8"?>
<testsuite xmlns:xsi="http://www.w3.org/2001/XMLSchema-instance" xsi:noNamespaceSchemaLocation="https://maven.apache.org/surefire/maven-surefire-plugin/xsd/surefire-test-report.xsd" name="TestSuite" time="3.241" tests="3" errors="0" skipped="0" failures="0">
  <properties>
[...]
</properties>
  <testcase name="test" classname="com.kaiming.learn.citest.TestAnnotation" time="0.032"/>
  <testcase name="test2" classname="com.kaiming.learn.citest.TestAnnotation" time="0.006"/>
  <testcase name="testb" classname="com.kaiming.learn.citest.TestAnnotationB" time="0.018"/>
</testsuite>